[debug] [2026-07-03T17:55:47.948Z] ----------------------------------------------------------------------
[debug] [2026-07-03T17:55:47.950Z] Command:       /usr/local/share/nvm/versions/node/v24.14.0/bin/node /home/codespace/nvm/current/bin/firebase init hosting:github
[debug] [2026-07-03T17:55:47.950Z] CLI Version:   15.22.4
[debug] [2026-07-03T17:55:47.950Z] Platform:      linux
[debug] [2026-07-03T17:55:47.951Z] Node Version:  v24.14.0
[debug] [2026-07-03T17:55:47.951Z] Detected Agent: unknown
[debug] [2026-07-03T17:55:47.951Z] Time:          Fri Jul 03 2026 17:55:47 GMT+0000 (Coordinated Universal Time)
[debug] [2026-07-03T17:55:47.951Z] ----------------------------------------------------------------------
[debug] 
[info] 
     ######## #### ########  ######## ########     ###     ######  ########
     ##        ##  ##     ## ##       ##     ##  ##   ##  ##       ##
     ######    ##  ########  ######   ########  #########  ######  ######
     ##        ##  ##    ##  ##       ##     ## ##     ##       ## ##
     ##       #### ##     ## ######## ########  ##     ##  ######  ########

You're about to initialize a Firebase project in this directory:

  /workspaces/ClearPoint

Before we get started, keep in mind:

  * You are currently outside your home directory
  * You are initializing within an existing Firebase project directory

[info] 
=== Project Setup
[info] 
[info] First, let's associate this project directory with a Firebase project.
[info] You can create multiple project aliases by running firebase use --add, 
[info] 
[debug] [2026-07-03T17:55:48.929Z] > command requires scopes: ["email","openid","https://www.googleapis.com/auth/cloudplatformprojects.readonly","https://www.googleapis.com/auth/firebase","https://www.googleapis.com/auth/cloud-platform"]
[debug] [2026-07-03T17:55:48.929Z] > authorizing via signed-in user (nathanirving1984@gmail.com)
[debug] [2026-07-03T17:55:48.930Z] Checked if tokens are valid: true, expires at: 1783102714956
[debug] [2026-07-03T17:55:48.930Z] Checked if tokens are valid: true, expires at: 1783102714956
[debug] [2026-07-03T17:55:48.931Z] >>> [apiv2][query] GET https://firebase.googleapis.com/v1beta1/projects/clearpoint-2ad85 [none]
[debug] [2026-07-03T17:55:49.286Z] <<< [apiv2][status] GET https://firebase.googleapis.com/v1beta1/projects/clearpoint-2ad85 200
[debug] [2026-07-03T17:55:49.287Z] <<< [apiv2][body] GET https://firebase.googleapis.com/v1beta1/projects/clearpoint-2ad85 {"projectId":"clearpoint-2ad85","projectNumber":"158860201191","displayName":"ClearPoint","name":"projects/clearpoint-2ad85","resources":{"hostingSite":"clearpoint-2ad85"},"state":"ACTIVE","labels":{"firebase":"enabled","firebase/storage-default-bucket":"created"},"etag":"1_071f7710-f8e7-465d-b811-1e6ccf82c7be"}
[info] i  Using project clearpoint-2ad85 (ClearPoint) . 
[info] 
=== Hosting:github Setup
[info] 
[info] i  Detected a .git folder at /workspaces/ClearPoint 
[info] i  Authorizing with GitHub to upload your service account to a GitHub repository's secrets store. 
[info] 
[info] Visit this URL on this device to log in:
[info] https://github.com/login/oauth/authorize?client_id=89cf50f02ac6aaed3484&state=490503638&redirect_uri=http%3A%2F%2Flocalhost%3A9005&scope=read%3Auser%20repo%20public_repo
[info] 
[info] Waiting for authentication...
